[   454.694] 
X.Org X Server 1.19.3
Release Date: 2017-03-15
[   454.695] X Protocol Version 11, Revision 0
[   454.695] Build Operating System: Linux 4.9.11-1-ARCH x86_64 
[   454.695] Current Operating System: Linux loki 4.11.0-rc7-g4f7d029b9bf0 #1 SMP PREEMPT Wed Apr 19 09:56:59 EEST 2017 x86_64
[   454.695] Kernel command line: initrd=\acpi_override initrd=\initramfs-linux-git.img root=/dev/nvme0n1p4 rw intremap=nosid
[   454.695] Build Date: 07 April 2017  05:42:48PM
[   454.695]  
[   454.695] Current version of pixman: 0.34.0
[   454.695] 	Before reporting problems, check http://wiki.x.org
	to make sure that you have the latest version.
[   454.695] Markers: (--) probed, (**) from config file, (==) default setting,
	(++) from command line, (!!) notice, (II) informational,
	(WW) warning, (EE) error, (NI) not implemented, (??) unknown.
[   454.695] (==) Log file: "/home/chris/.local/share/xorg/Xorg.0.log", Time: Wed Apr 19 14:42:10 2017
[   454.695] (==) Using system config directory "/usr/share/X11/xorg.conf.d"
[   454.695] (==) No Layout section.  Using the first Screen section.
[   454.695] (==) No screen section available. Using defaults.
[   454.695] (**) |-->Screen "Default Screen Section" (0)
[   454.695] (**) |   |-->Monitor "<default monitor>"
[   454.695] (==) No monitor specified for screen "Default Screen Section".
	Using a default monitor configuration.
[   454.695] (==) Automatically adding devices
[   454.695] (==) Automatically enabling devices
[   454.695] (==) Automatically adding GPU devices
[   454.695] (==) Automatically binding GPU devices
[   454.695] (==) Max clients allowed: 256, resource mask: 0x1fffff
[   454.695] (WW) The directory "/usr/share/fonts/Type1/" does not exist.
[   454.695] 	Entry deleted from font path.
[   454.695] (WW) `fonts.dir' not found (or not valid) in "/usr/share/fonts/100dpi/".
[   454.695] 	Entry deleted from font path.
[   454.695] 	(Run 'mkfontdir' on "/usr/share/fonts/100dpi/").
[   454.695] (WW) `fonts.dir' not found (or not valid) in "/usr/share/fonts/75dpi/".
[   454.695] 	Entry deleted from font path.
[   454.695] 	(Run 'mkfontdir' on "/usr/share/fonts/75dpi/").
[   454.695] (==) FontPath set to:
	/usr/share/fonts/misc/,
	/usr/share/fonts/TTF/,
	/usr/share/fonts/OTF/
[   454.695] (==) ModulePath set to "/usr/lib/xorg/modules"
[   454.695] (II) The server relies on udev to provide the list of input devices.
	If no devices become available, reconfigure udev or disable AutoAddDevices.
[   454.695] (II) Loader magic: 0x822d60
[   454.695] (II) Module ABI versions:
[   454.695] 	X.Org ANSI C Emulation: 0.4
[   454.695] 	X.Org Video Driver: 23.0
[   454.695] 	X.Org XInput driver : 24.1
[   454.695] 	X.Org Server Extension : 10.0
[   454.696] (++) using VT number 1

[   454.696] (--) controlling tty is VT number 1, auto-enabling KeepTty
[   454.697] (II) systemd-logind: took control of session /org/freedesktop/login1/session/c2
[   454.697] (II) xfree86: Adding drm device (/dev/dri/card0)
[   454.697] (II) systemd-logind: got fd for /dev/dri/card0 226:0 fd 11 paused 0
[   454.699] (--) PCI:*(0:0:2:0) 8086:1926:106b:0150 rev 10, Mem @ 0x91000000/16777216, 0xb0000000/268435456, I/O @ 0x00003000/64, BIOS @ 0x????????/131072
[   454.699] (WW) Open ACPI failed (/var/run/acpid.socket) (No such file or directory)
[   454.699] (II) LoadModule: "glx"
[   454.699] (II) Loading /usr/lib/xorg/modules/extensions/libglx.so
[   454.700] (II) Module glx: vendor="X.Org Foundation"
[   454.700] 	compiled for 1.19.3, module version = 1.0.0
[   454.700] 	ABI class: X.Org Server Extension, version 10.0
[   454.700] (==) Matched intel as autoconfigured driver 0
[   454.700] (==) Matched intel as autoconfigured driver 1
[   454.700] (==) Matched modesetting as autoconfigured driver 2
[   454.700] (==) Matched fbdev as autoconfigured driver 3
[   454.700] (==) Matched vesa as autoconfigured driver 4
[   454.700] (==) Assigned the driver to the xf86ConfigLayout
[   454.700] (II) LoadModule: "intel"
[   454.700] (WW) Warning, couldn't open module intel
[   454.700] (II) UnloadModule: "intel"
[   454.700] (II) Unloading intel
[   454.700] (EE) Failed to load module "intel" (module does not exist, 0)
[   454.700] (II) LoadModule: "modesetting"
[   454.700] (II) Loading /usr/lib/xorg/modules/drivers/modesetting_drv.so
[   454.700] (II) Module modesetting: vendor="X.Org Foundation"
[   454.700] 	compiled for 1.19.3, module version = 1.19.3
[   454.700] 	Module class: X.Org Video Driver
[   454.700] 	ABI class: X.Org Video Driver, version 23.0
[   454.700] (II) LoadModule: "fbdev"
[   454.700] (WW) Warning, couldn't open module fbdev
[   454.700] (II) UnloadModule: "fbdev"
[   454.700] (II) Unloading fbdev
[   454.700] (EE) Failed to load module "fbdev" (module does not exist, 0)
[   454.700] (II) LoadModule: "vesa"
[   454.700] (WW) Warning, couldn't open module vesa
[   454.700] (II) UnloadModule: "vesa"
[   454.700] (II) Unloading vesa
[   454.700] (EE) Failed to load module "vesa" (module does not exist, 0)
[   454.700] (II) modesetting: Driver for Modesetting Kernel Drivers: kms
[   454.700] (II) modeset(0): using drv /dev/dri/card0
[   454.700] (WW) VGA arbiter: cannot open kernel arbiter, no multi-card support
[   454.701] (II) modeset(0): Creating default Display subsection in Screen section
	"Default Screen Section" for depth/fbbpp 24/32
[   454.701] (==) modeset(0): Depth 24, (==) framebuffer bpp 32
[   454.701] (==) modeset(0): RGB weight 888
[   454.701] (==) modeset(0): Default visual is TrueColor
[   454.701] (II) Loading sub module "glamoregl"
[   454.701] (II) LoadModule: "glamoregl"
[   454.701] (II) Loading /usr/lib/xorg/modules/libglamoregl.so
[   454.701] (II) Module glamoregl: vendor="X.Org Foundation"
[   454.701] 	compiled for 1.19.3, module version = 1.0.0
[   454.701] 	ABI class: X.Org ANSI C Emulation, version 0.4
[   454.701] (II) glamor: OpenGL accelerated X.org driver based.
[   454.708] (II) glamor: EGL version 1.4 (DRI2):
[   454.711] (II) modeset(0): glamor initialized
[   454.712] (II) modeset(0): Output eDP-1 has no monitor section
[   454.713] (II) modeset(0): Output DP-1 has no monitor section
[   454.834] (II) modeset(0): Output HDMI-1 has no monitor section
[   454.837] (II) modeset(0): Output DP-2 has no monitor section
[   454.956] (II) modeset(0): Output HDMI-2 has no monitor section
[   454.957] (II) modeset(0): EDID for output eDP-1
[   454.958] (II) modeset(0): Manufacturer: APP  Model: a033  Serial#: 0
[   454.958] (II) modeset(0): Year: 2015  Week: 37
[   454.958] (II) modeset(0): EDID Version: 1.4
[   454.958] (II) modeset(0): Digital Display Input
[   454.958] (II) modeset(0): 10 bits per channel
[   454.958] (II) modeset(0): Digital interface is DisplayPort
[   454.958] (II) modeset(0): Max Image Size [cm]: horiz.: 29  vert.: 18
[   454.958] (II) modeset(0): Gamma: 2.20
[   454.958] (II) modeset(0): No DPMS capabilities specified
[   454.958] (II) modeset(0): Supported color encodings: RGB 4:4:4 
[   454.958] (II) modeset(0): First detailed timing is preferred mode
[   454.958] (II) modeset(0): Preferred mode is native pixel format and refresh rate
[   454.958] (II) modeset(0): redX: 0.680 redY: 0.320   greenX: 0.265 greenY: 0.690
[   454.958] (II) modeset(0): blueX: 0.152 blueY: 0.054   whiteX: 0.312 whiteY: 0.329
[   454.958] (II) modeset(0): Manufacturer's mask: 0
[   454.958] (II) modeset(0): Supported detailed timing:
[   454.958] (II) modeset(0): clock: 260.7 MHz   Image Size:  286 x 179 mm
[   454.958] (II) modeset(0): h_active: 2560  h_sync: 2568  h_sync_end 2600 h_blank_end 2640 h_border: 0
[   454.958] (II) modeset(0): v_active: 1600  v_sync: 1632  v_sync_end 1640 v_blanking: 1646 v_border: 0
[   454.958] (II) modeset(0): Supported detailed timing:
[   454.958] (II) modeset(0): clock: 328.9 MHz   Image Size:  286 x 179 mm
[   454.958] (II) modeset(0): h_active: 2880  h_sync: 2888  h_sync_end 2920 h_blank_end 2960 h_border: 0
[   454.958] (II) modeset(0): v_active: 1800  v_sync: 1838  v_sync_end 1846 v_blanking: 1852 v_border: 0
[   454.958] (II) modeset(0): Monitor name: Color LCD
[   454.958] (II) modeset(0): EDID (in hex):
[   454.958] (II) modeset(0): 	00ffffffffffff00061033a000000000
[   454.958] (II) modeset(0): 	25190104b51d1278020f31ae5243b027
[   454.958] (II) modeset(0): 	0d505400000001010101010101010101
[   454.958] (II) modeset(0): 	010101010101d9650050a0402e600820
[   454.958] (II) modeset(0): 	08081eb31000001a7c804050b0083470
[   454.958] (II) modeset(0): 	082068081eb31000001a000000fc0043
[   454.958] (II) modeset(0): 	6f6c6f72204c43440a20202000000010
[   454.958] (II) modeset(0): 	0000000000000000000000000000004f
[   454.959] (II) modeset(0): Printing probed modes for output eDP-1
[   454.959] (II) modeset(0): Modeline "2560x1600"x60.0  260.73  2560 2568 2600 2640  1600 1632 1640 1646 +hsync -vsync (98.8 kHz eP)
[   454.959] (II) modeset(0): Modeline "2048x1536"x60.0  266.95  2048 2200 2424 2800  1536 1537 1540 1589 -hsync +vsync (95.3 kHz d)
[   454.959] (II) modeset(0): Modeline "1920x1440"x60.0  234.00  1920 2048 2256 2600  1440 1441 1444 1500 -hsync +vsync (90.0 kHz d)
[   454.959] (II) modeset(0): Modeline "1856x1392"x60.0  218.30  1856 1952 2176 2528  1392 1393 1396 1439 -hsync +vsync (86.4 kHz d)
[   454.959] (II) modeset(0): Modeline "1792x1344"x60.0  204.80  1792 1920 2120 2448  1344 1345 1348 1394 -hsync +vsync (83.7 kHz d)
[   454.959] (II) modeset(0): Modeline "1600x1200"x60.0  162.00  1600 1664 1856 2160  1200 1201 1204 1250 +hsync +vsync (75.0 kHz d)
[   454.959] (II) modeset(0): Modeline "1400x1050"x60.0  122.00  1400 1488 1640 1880  1050 1052 1064 1082 +hsync +vsync (64.9 kHz d)
[   454.959] (II) modeset(0): Modeline "1280x1024"x60.0  108.00  1280 1328 1440 1688  1024 1025 1028 1066 +hsync +vsync (64.0 kHz d)
[   454.959] (II) modeset(0): Modeline "1280x960"x60.0  108.00  1280 1376 1488 1800  960 961 964 1000 +hsync +vsync (60.0 kHz d)
[   454.959] (II) modeset(0): Modeline "1024x768"x120.1  133.47  1024 1100 1212 1400  768 768 770 794 doublescan -hsync +vsync (95.3 kHz d)
[   454.959] (II) modeset(0): Modeline "1024x768"x60.0   65.00  1024 1048 1184 1344  768 771 777 806 -hsync -vsync (48.4 kHz d)
[   454.959] (II) modeset(0): Modeline "960x720"x120.0  117.00  960 1024 1128 1300  720 720 722 750 doublescan -hsync +vsync (90.0 kHz d)
[   454.959] (II) modeset(0): Modeline "928x696"x120.1  109.15  928 976 1088 1264  696 696 698 719 doublescan -hsync +vsync (86.4 kHz d)
[   454.960] (II) modeset(0): Modeline "896x672"x120.0  102.40  896 960 1060 1224  672 672 674 697 doublescan -hsync +vsync (83.7 kHz d)
[   454.960] (II) modeset(0): Modeline "800x600"x120.0   81.00  800 832 928 1080  600 600 602 625 doublescan +hsync +vsync (75.0 kHz d)
[   454.960] (II) modeset(0): Modeline "800x600"x60.3   40.00  800 840 968 1056  600 601 605 628 +hsync +vsync (37.9 kHz d)
[   454.960] (II) modeset(0): Modeline "800x600"x56.2   36.00  800 824 896 1024  600 601 603 625 +hsync +vsync (35.2 kHz d)
[   454.960] (II) modeset(0): Modeline "700x525"x120.0   61.00  700 744 820 940  525 526 532 541 doublescan +hsync +vsync (64.9 kHz d)
[   454.960] (II) modeset(0): Modeline "640x512"x120.0   54.00  640 664 720 844  512 512 514 533 doublescan +hsync +vsync (64.0 kHz d)
[   454.960] (II) modeset(0): Modeline "640x480"x120.0   54.00  640 688 744 900  480 480 482 500 doublescan +hsync +vsync (60.0 kHz d)
[   454.960] (II) modeset(0): Modeline "640x480"x59.9   25.18  640 656 752 800  480 490 492 525 -hsync -vsync (31.5 kHz d)
[   454.960] (II) modeset(0): Modeline "512x384"x120.0   32.50  512 524 592 672  384 385 388 403 doublescan -hsync -vsync (48.4 kHz d)
[   454.960] (II) modeset(0): Modeline "400x300"x120.6   20.00  400 420 484 528  300 300 302 314 doublescan +hsync +vsync (37.9 kHz d)
[   454.960] (II) modeset(0): Modeline "400x300"x112.7   18.00  400 412 448 512  300 300 301 312 doublescan +hsync +vsync (35.2 kHz d)
[   454.960] (II) modeset(0): Modeline "320x240"x120.1   12.59  320 328 376 400  240 245 246 262 doublescan -hsync -vsync (31.5 kHz d)
[   454.962] (II) modeset(0): EDID for output DP-1
[   455.081] (II) modeset(0): EDID for output HDMI-1
[   455.083] (II) modeset(0): EDID for output DP-2
[   455.200] (II) modeset(0): EDID for output HDMI-2
[   455.200] (II) modeset(0): Output eDP-1 connected
[   455.200] (II) modeset(0): Output DP-1 disconnected
[   455.200] (II) modeset(0): Output HDMI-1 disconnected
[   455.200] (II) modeset(0): Output DP-2 disconnected
[   455.200] (II) modeset(0): Output HDMI-2 disconnected
[   455.200] (II) modeset(0): Using exact sizes for initial modes
[   455.200] (II) modeset(0): Output eDP-1 using initial mode 2560x1600 +0+0
[   455.201] (==) modeset(0): Using gamma correction (1.0, 1.0, 1.0)
[   455.201] (==) modeset(0): DPI set to (96, 96)
[   455.201] (II) Loading sub module "fb"
[   455.201] (II) LoadModule: "fb"
[   455.201] (II) Loading /usr/lib/xorg/modules/libfb.so
[   455.202] (II) Module fb: vendor="X.Org Foundation"
[   455.202] 	compiled for 1.19.3, module version = 1.0.0
[   455.202] 	ABI class: X.Org ANSI C Emulation, version 0.4
[   455.202] (==) Depth 24 pixmap format is 32 bpp
[   455.296] (==) modeset(0): Backing store enabled
[   455.296] (==) modeset(0): Silken mouse enabled
[   455.296] (II) modeset(0): RandR 1.2 enabled, ignore the following RandR disabled message.
[   455.296] (==) modeset(0): DPMS enabled
[   455.296] (II) modeset(0): [DRI2] Setup complete
[   455.296] (II) modeset(0): [DRI2]   DRI driver: i965
[   455.296] (II) modeset(0): [DRI2]   VDPAU driver: i965
[   455.296] (--) RandR disabled
[   455.302] (II) AIGLX: enabled GLX_MESA_copy_sub_buffer
[   455.302] (II) AIGLX: enabled GLX_ARB_create_context
[   455.302] (II) AIGLX: enabled GLX_ARB_create_context_profile
[   455.302] (II) AIGLX: enabled GLX_EXT_create_context_es{,2}_profile
[   455.302] (II) AIGLX: enabled GLX_INTEL_swap_event
[   455.302] (II) AIGLX: enabled GLX_SGI_swap_control
[   455.302] (II) AIGLX: enabled GLX_EXT_framebuffer_sRGB
[   455.302] (II) AIGLX: enabled GLX_ARB_fbconfig_float
[   455.302] (II) AIGLX: enabled GLX_EXT_fbconfig_packed_float
[   455.302] (II) AIGLX: GLX_EXT_texture_from_pixmap backed by buffer objects
[   455.302] (II) AIGLX: enabled GLX_ARB_create_context_robustness
[   455.302] (II) AIGLX: Loaded and initialized i965
[   455.302] (II) GLX: Initialized DRI2 GL provider for screen 0
[   455.304] (II) modeset(0): Damage tracking initialized
[   455.304] (II) modeset(0): Setting screen physical size to 677 x 423
[   455.329] (II) config/udev: Adding input device Power Button (/dev/input/event3)
[   455.329] (**) Power Button: Applying InputClass "libinput keyboard catchall"
[   455.329] (II) LoadModule: "libinput"
[   455.329] (II) Loading /usr/lib/xorg/modules/input/libinput_drv.so
[   455.330] (II) Module libinput: vendor="X.Org Foundation"
[   455.330] 	compiled for 1.19.2, module version = 0.25.0
[   455.330] 	Module class: X.Org XInput Driver
[   455.330] 	ABI class: X.Org XInput driver, version 24.1
[   455.330] (II) Using input driver 'libinput' for 'Power Button'
[   455.331] (II) systemd-logind: got fd for /dev/input/event3 13:67 fd 20 paused 0
[   455.331] (**) Power Button: always reports core events
[   455.331] (**) Option "Device" "/dev/input/event3"
[   455.331] (**) Option "_source" "server/udev"
[   455.331] (II) event3  - (II) Power Button: (II) is tagged by udev as: Keyboard
[   455.331] (II) event3  - (II) Power Button: (II) device is a keyboard
[   455.331] (II) event3  - (II) Power Button: (II) device removed
[   455.331] (**) Option "config_info" "udev:/sys/devices/LNXSYSTM:00/LNXPWRBN:00/input/input3/event3"
[   455.331] (II) XINPUT: Adding extended input device "Power Button" (type: KEYBOARD, id 6)
[   455.331] (II) event3  - (II) Power Button: (II) is tagged by udev as: Keyboard
[   455.331] (II) event3  - (II) Power Button: (II) device is a keyboard
[   455.332] (II) config/udev: Adding input device Video Bus (/dev/input/event5)
[   455.332] (**) Video Bus: Applying InputClass "libinput keyboard catchall"
[   455.332] (II) Using input driver 'libinput' for 'Video Bus'
[   455.332] (II) systemd-logind: got fd for /dev/input/event5 13:69 fd 23 paused 0
[   455.332] (**) Video Bus: always reports core events
[   455.332] (**) Option "Device" "/dev/input/event5"
[   455.332] (**) Option "_source" "server/udev"
[   455.332] (II) event5  - (II) Video Bus: (II) is tagged by udev as: Keyboard
[   455.332] (II) event5  - (II) Video Bus: (II) device is a keyboard
[   455.332] (II) event5  - (II) Video Bus: (II) device removed
[   455.332] (**) Option "config_info" "udev:/sys/devices/LNXSYSTM:00/LNXSYBUS:00/PNP0A08:00/LNXVIDEO:00/input/input5/event5"
[   455.332] (II) XINPUT: Adding extended input device "Video Bus" (type: KEYBOARD, id 7)
[   455.333] (II) event5  - (II) Video Bus: (II) is tagged by udev as: Keyboard
[   455.333] (II) event5  - (II) Video Bus: (II) device is a keyboard
[   455.333] (II) config/udev: Adding input device Power Button (/dev/input/event1)
[   455.333] (**) Power Button: Applying InputClass "libinput keyboard catchall"
[   455.333] (II) Using input driver 'libinput' for 'Power Button'
[   455.334] (II) systemd-logind: got fd for /dev/input/event1 13:65 fd 24 paused 0
[   455.334] (**) Power Button: always reports core events
[   455.334] (**) Option "Device" "/dev/input/event1"
[   455.334] (**) Option "_source" "server/udev"
[   455.334] (II) event1  - (II) Power Button: (II) is tagged by udev as: Keyboard
[   455.334] (II) event1  - (II) Power Button: (II) device is a keyboard
[   455.334] (II) event1  - (II) Power Button: (II) device removed
[   455.334] (**) Option "config_info" "udev:/sys/devices/LNXSYSTM:00/LNXSYBUS:00/PNP0C0C:00/input/input1/event1"
[   455.334] (II) XINPUT: Adding extended input device "Power Button" (type: KEYBOARD, id 8)
[   455.334] (II) event1  - (II) Power Button: (II) is tagged by udev as: Keyboard
[   455.334] (II) event1  - (II) Power Button: (II) device is a keyboard
[   455.334] (II) config/udev: Adding input device Lid Switch (/dev/input/event0)
[   455.334] (II) No input driver specified, ignoring this device.
[   455.334] (II) This device may have been added with another device file.
[   455.334] (II) config/udev: Adding input device Sleep Button (/dev/input/event2)
[   455.334] (**) Sleep Button: Applying InputClass "libinput keyboard catchall"
[   455.334] (II) Using input driver 'libinput' for 'Sleep Button'
[   455.335] (II) systemd-logind: got fd for /dev/input/event2 13:66 fd 25 paused 0
[   455.335] (**) Sleep Button: always reports core events
[   455.335] (**) Option "Device" "/dev/input/event2"
[   455.335] (**) Option "_source" "server/udev"
[   455.335] (II) event2  - (II) Sleep Button: (II) is tagged by udev as: Keyboard
[   455.335] (II) event2  - (II) Sleep Button: (II) device is a keyboard
[   455.335] (II) event2  - (II) Sleep Button: (II) device removed
[   455.335] (**) Option "config_info" "udev:/sys/devices/LNXSYSTM:00/LNXSYBUS:00/PNP0C0E:00/input/input2/event2"
[   455.335] (II) XINPUT: Adding extended input device "Sleep Button" (type: KEYBOARD, id 9)
[   455.335] (II) event2  - (II) Sleep Button: (II) is tagged by udev as: Keyboard
[   455.335] (II) event2  - (II) Sleep Button: (II) device is a keyboard
[   455.336] (II) config/udev: Adding input device Apple SPI Keyboard (/dev/input/event6)
[   455.336] (**) Apple SPI Keyboard: Applying InputClass "libinput keyboard catchall"
[   455.336] (II) Using input driver 'libinput' for 'Apple SPI Keyboard'
[   455.336] (II) systemd-logind: got fd for /dev/input/event6 13:70 fd 26 paused 0
[   455.337] (**) Apple SPI Keyboard: always reports core events
[   455.337] (**) Option "Device" "/dev/input/event6"
[   455.337] (**) Option "_source" "server/udev"
[   455.337] (II) event6  - (II) Apple SPI Keyboard: (II) is tagged by udev as: Keyboard
[   455.337] (II) event6  - (II) Apple SPI Keyboard: (II) device is a keyboard
[   455.337] (II) event6  - (II) Apple SPI Keyboard: (II) device removed
[   455.337] (**) Option "config_info" "udev:/sys/devices/pci0000:00/0000:00:1e.3/pxa2xx-spi.3/spi_master/spi2/spi-APP000D:00/input/input6/event6"
[   455.337] (II) XINPUT: Adding extended input device "Apple SPI Keyboard" (type: KEYBOARD, id 10)
[   455.337] (II) event6  - (II) Apple SPI Keyboard: (II) is tagged by udev as: Keyboard
[   455.337] (II) event6  - (II) Apple SPI Keyboard: (II) device is a keyboard
[   455.337] (II) config/udev: Adding input device Apple SPI Touchpad (/dev/input/event7)
[   455.337] (**) Apple SPI Touchpad: Applying InputClass "libinput touchpad catchall"
[   455.337] (II) Using input driver 'libinput' for 'Apple SPI Touchpad'
[   455.338] (II) systemd-logind: got fd for /dev/input/event7 13:71 fd 27 paused 0
[   455.338] (**) Apple SPI Touchpad: always reports core events
[   455.338] (**) Option "Device" "/dev/input/event7"
[   455.338] (**) Option "_source" "server/udev"
[   455.338] (II) event7  - (II) Apple SPI Touchpad: (II) is tagged by udev as: Touchpad
[   455.338] (II) event7  - (II) Apple SPI Touchpad: (II) no resolution or size hints, assuming a size of 69x50mm
[   455.338] (II) event7  - (II) Apple SPI Touchpad: (II) device is a atouchpad
[   455.338] (II) event7  - (II) Apple SPI Touchpad: (II) device removed
[   455.338] (**) Option "config_info" "udev:/sys/devices/pci0000:00/0000:00:1e.3/pxa2xx-spi.3/spi_master/spi2/spi-APP000D:00/input/input7/event7"
[   455.338] (II) XINPUT: Adding extended input device "Apple SPI Touchpad" (type: TOUCHPAD, id 11)
[   455.338] (**) Option "AccelerationScheme" "none"
[   455.338] (**) Apple SPI Touchpad: (accel) selected scheme none/0
[   455.338] (**) Apple SPI Touchpad: (accel) acceleration factor: 2.000
[   455.338] (**) Apple SPI Touchpad: (accel) acceleration threshold: 4
[   455.339] (II) event7  - (II) Apple SPI Touchpad: (II) is tagged by udev as: Touchpad
[   455.339] (II) event7  - (II) Apple SPI Touchpad: (II) no resolution or size hints, assuming a size of 69x50mm
[   455.339] (II) event7  - (II) Apple SPI Touchpad: (II) device is a atouchpad
[   455.339] (II) config/udev: Adding input device Apple SPI Touchpad (/dev/input/mouse0)
[   455.339] (II) No input driver specified, ignoring this device.
[   455.339] (II) This device may have been added with another device file.
[   455.339] (II) config/udev: Adding input device HDA Intel PCH HDMI/DP,pcm=8 (/dev/input/event10)
[   455.339] (II) No input driver specified, ignoring this device.
[   455.339] (II) This device may have been added with another device file.
[   455.339] (II) config/udev: Adding input device HDA Intel PCH HDMI/DP,pcm=9 (/dev/input/event11)
[   455.339] (II) No input driver specified, ignoring this device.
[   455.339] (II) This device may have been added with another device file.
[   455.339] (II) config/udev: Adding input device HDA Intel PCH HDMI/DP,pcm=10 (/dev/input/event12)
[   455.339] (II) No input driver specified, ignoring this device.
[   455.339] (II) This device may have been added with another device file.
[   455.339] (II) config/udev: Adding input device HDA Intel PCH HDMI/DP,pcm=3 (/dev/input/event8)
[   455.339] (II) No input driver specified, ignoring this device.
[   455.340] (II) This device may have been added with another device file.
[   455.340] (II) config/udev: Adding input device HDA Intel PCH HDMI/DP,pcm=7 (/dev/input/event9)
[   455.340] (II) No input driver specified, ignoring this device.
[   455.340] (II) This device may have been added with another device file.
[   455.340] (II) config/udev: Adding input device PC Speaker (/dev/input/event4)
[   455.340] (II) No input driver specified, ignoring this device.
[   455.340] (II) This device may have been added with another device file.
[   455.428] (II) modeset(0): EDID vendor "APP", prod id 41011
[   455.428] (II) modeset(0): Printing DDC gathered Modelines:
[   455.428] (II) modeset(0): Modeline "2560x1600"x0.0  260.73  2560 2568 2600 2640  1600 1632 1640 1646 +hsync -vsync (98.8 kHz eP)
[   455.428] (II) modeset(0): Modeline "2880x1800"x0.0  328.92  2880 2888 2920 2960  1800 1838 1846 1852 +hsync -vsync (111.1 kHz e)
[   458.811] (**) Option "fd" "20"
[   458.812] (II) event3  - (II) Power Button: (II) device removed
[   458.812] (**) Option "fd" "23"
[   458.812] (II) event5  - (II) Video Bus: (II) device removed
[   458.812] (**) Option "fd" "24"
[   458.812] (II) event1  - (II) Power Button: (II) device removed
[   458.812] (**) Option "fd" "25"
[   458.812] (II) event2  - (II) Sleep Button: (II) device removed
[   458.812] (**) Option "fd" "26"
[   458.812] (II) event6  - (II) Apple SPI Keyboard: (II) device removed
[   458.812] (**) Option "fd" "27"
[   458.812] (II) event7  - (II) Apple SPI Touchpad: (II) device removed
[   458.814] (II) UnloadModule: "libinput"
[   458.814] (II) systemd-logind: releasing fd for 13:71
[   458.846] (II) UnloadModule: "libinput"
[   458.846] (II) systemd-logind: releasing fd for 13:70
[   458.913] (II) UnloadModule: "libinput"
[   458.913] (II) systemd-logind: releasing fd for 13:66
[   458.943] (II) UnloadModule: "libinput"
[   458.943] (II) systemd-logind: releasing fd for 13:65
[   458.973] (II) UnloadModule: "libinput"
[   458.973] (II) systemd-logind: releasing fd for 13:69
[   458.993] (II) UnloadModule: "libinput"
[   458.993] (II) systemd-logind: releasing fd for 13:67
[   460.336] (II) Server terminated successfully (0). Closing log file.
