[  1284.167] (--) Log file renamed from "/home/chuangyu/.local/share/xorg/Xorg.pid-7673.log" to "/home/chuangyu/.local/share/xorg/Xorg.0.log"
[  1284.168] 
X.Org X Server 1.19.3
Release Date: 2017-03-15
[  1284.168] X Protocol Version 11, Revision 0
[  1284.168] Build Operating System: Linux 4.9.11-1-ARCH x86_64 
[  1284.168] Current Operating System: Linux macbook 4.11.6-3-ARCH #1 SMP PREEMPT Thu Jun 22 12:21:46 CEST 2017 x86_64
[  1284.168] Kernel command line: initrd=\intel-ucode.img initrd=\initramfs-linux.img rd.luks.uuid=469a7520-db5c-41d2-830c-83821cc410ba rd.lvm.lv=arch/root rd.lvm.lv=arch/swap resume=UUID=6231a177-fbc2-44b3-820c-04a388185fe0 root=UUID=d2834704-fc9a-4373-ac02-dc5e63db47a1 applespi.fnmode=2 applespi.iso_layout=1 ro quiet
[  1284.168] Build Date: 07 April 2017  05:42:48PM
[  1284.168]  
[  1284.168] Current version of pixman: 0.34.0
[  1284.168] 	Before reporting problems, check http://wiki.x.org
	to make sure that you have the latest version.
[  1284.168] Markers: (--) probed, (**) from config file, (==) default setting,
	(++) from command line, (!!) notice, (II) informational,
	(WW) warning, (EE) error, (NI) not implemented, (??) unknown.
[  1284.168] (==) Log file: "/home/chuangyu/.local/share/xorg/Xorg.0.log", Time: Sat Jun 24 19:56:38 2017
[  1284.169] (==) Using config directory: "/etc/X11/xorg.conf.d"
[  1284.169] (==) Using system config directory "/usr/share/X11/xorg.conf.d"
[  1284.169] (==) No Layout section.  Using the first Screen section.
[  1284.169] (==) No screen section available. Using defaults.
[  1284.169] (**) |-->Screen "Default Screen Section" (0)
[  1284.169] (**) |   |-->Monitor "<default monitor>"
[  1284.170] (==) No monitor specified for screen "Default Screen Section".
	Using a default monitor configuration.
[  1284.170] (==) Automatically adding devices
[  1284.170] (==) Automatically enabling devices
[  1284.170] (==) Automatically adding GPU devices
[  1284.170] (==) Automatically binding GPU devices
[  1284.170] (==) Max clients allowed: 256, resource mask: 0x1fffff
[  1284.170] (WW) The directory "/usr/share/fonts/Type1/" does not exist.
[  1284.170] 	Entry deleted from font path.
[  1284.170] (WW) `fonts.dir' not found (or not valid) in "/usr/share/fonts/100dpi/".
[  1284.170] 	Entry deleted from font path.
[  1284.170] 	(Run 'mkfontdir' on "/usr/share/fonts/100dpi/").
[  1284.170] (WW) `fonts.dir' not found (or not valid) in "/usr/share/fonts/75dpi/".
[  1284.170] 	Entry deleted from font path.
[  1284.170] 	(Run 'mkfontdir' on "/usr/share/fonts/75dpi/").
[  1284.170] (==) FontPath set to:
	/usr/share/fonts/misc/,
	/usr/share/fonts/TTF/,
	/usr/share/fonts/OTF/
[  1284.170] (==) ModulePath set to "/usr/lib/xorg/modules"
[  1284.170] (II) The server relies on udev to provide the list of input devices.
	If no devices become available, reconfigure udev or disable AutoAddDevices.
[  1284.170] (II) Loader magic: 0x822d60
[  1284.170] (II) Module ABI versions:
[  1284.170] 	X.Org ANSI C Emulation: 0.4
[  1284.170] 	X.Org Video Driver: 23.0
[  1284.170] 	X.Org XInput driver : 24.1
[  1284.170] 	X.Org Server Extension : 10.0
[  1284.170] (++) using VT number 2

[  1284.171] (II) systemd-logind: took control of session /org/freedesktop/login1/session/c4
[  1284.172] (II) xfree86: Adding drm device (/dev/dri/card0)
[  1284.172] (II) systemd-logind: got fd for /dev/dri/card0 226:0 fd 12 paused 0
[  1284.173] (--) PCI:*(0:0:2:0) 8086:5926:106b:0174 rev 6, Mem @ 0x91000000/16777216, 0xb0000000/268435456, I/O @ 0x00003000/64, BIOS @ 0x????????/131072
[  1284.173] (WW) Open ACPI failed (/var/run/acpid.socket) (No such file or directory)
[  1284.174] (II) LoadModule: "glx"
[  1284.175] (II) Loading /usr/lib/xorg/modules/extensions/libglx.so
[  1284.177] (II) Module glx: vendor="X.Org Foundation"
[  1284.177] 	compiled for 1.19.3, module version = 1.0.0
[  1284.177] 	ABI class: X.Org Server Extension, version 10.0
[  1284.177] (==) Matched intel as autoconfigured driver 0
[  1284.177] (==) Matched intel as autoconfigured driver 1
[  1284.177] (==) Matched modesetting as autoconfigured driver 2
[  1284.177] (==) Matched fbdev as autoconfigured driver 3
[  1284.177] (==) Matched vesa as autoconfigured driver 4
[  1284.177] (==) Assigned the driver to the xf86ConfigLayout
[  1284.177] (II) LoadModule: "intel"
[  1284.177] (WW) Warning, couldn't open module intel
[  1284.177] (II) UnloadModule: "intel"
[  1284.177] (II) Unloading intel
[  1284.177] (EE) Failed to load module "intel" (module does not exist, 0)
[  1284.177] (II) LoadModule: "modesetting"
[  1284.177] (II) Loading /usr/lib/xorg/modules/drivers/modesetting_drv.so
[  1284.178] (II) Module modesetting: vendor="X.Org Foundation"
[  1284.178] 	compiled for 1.19.3, module version = 1.19.3
[  1284.178] 	Module class: X.Org Video Driver
[  1284.178] 	ABI class: X.Org Video Driver, version 23.0
[  1284.178] (II) LoadModule: "fbdev"
[  1284.178] (WW) Warning, couldn't open module fbdev
[  1284.178] (II) UnloadModule: "fbdev"
[  1284.178] (II) Unloading fbdev
[  1284.178] (EE) Failed to load module "fbdev" (module does not exist, 0)
[  1284.178] (II) LoadModule: "vesa"
[  1284.178] (WW) Warning, couldn't open module vesa
[  1284.178] (II) UnloadModule: "vesa"
[  1284.178] (II) Unloading vesa
[  1284.178] (EE) Failed to load module "vesa" (module does not exist, 0)
[  1284.178] (II) modesetting: Driver for Modesetting Kernel Drivers: kms
[  1284.178] (II) modeset(0): using drv /dev/dri/card0
[  1284.178] (WW) VGA arbiter: cannot open kernel arbiter, no multi-card support
[  1284.178] (II) modeset(0): Creating default Display subsection in Screen section
	"Default Screen Section" for depth/fbbpp 24/32
[  1284.178] (==) modeset(0): Depth 24, (==) framebuffer bpp 32
[  1284.178] (==) modeset(0): RGB weight 888
[  1284.178] (==) modeset(0): Default visual is TrueColor
[  1284.178] (II) Loading sub module "glamoregl"
[  1284.178] (II) LoadModule: "glamoregl"
[  1284.178] (II) Loading /usr/lib/xorg/modules/libglamoregl.so
[  1284.180] (II) Module glamoregl: vendor="X.Org Foundation"
[  1284.180] 	compiled for 1.19.3, module version = 1.0.0
[  1284.180] 	ABI class: X.Org ANSI C Emulation, version 0.4
[  1284.180] (II) glamor: OpenGL accelerated X.org driver based.
[  1284.185] (II) glamor: EGL version 1.4 (DRI2):
[  1284.188] (II) modeset(0): glamor initialized
[  1284.189] (II) modeset(0): Output eDP-1 has no monitor section
[  1284.191] (II) modeset(0): Output DP-1 has no monitor section
[  1284.306] (II) modeset(0): Output HDMI-1 has no monitor section
[  1284.308] (II) modeset(0): Output DP-2 has no monitor section
[  1284.428] (II) modeset(0): Output HDMI-2 has no monitor section
[  1284.429] (II) modeset(0): EDID for output eDP-1
[  1284.429] (II) modeset(0): Manufacturer: APP  Model: a034  Serial#: 0
[  1284.429] (II) modeset(0): Year: 2015  Week: 37
[  1284.429] (II) modeset(0): EDID Version: 1.4
[  1284.429] (II) modeset(0): Digital Display Input
[  1284.429] (II) modeset(0): 10 bits per channel
[  1284.429] (II) modeset(0): Digital interface is DisplayPort
[  1284.429] (II) modeset(0): Max Image Size [cm]: horiz.: 29  vert.: 18
[  1284.429] (II) modeset(0): Gamma: 2.20
[  1284.429] (II) modeset(0): No DPMS capabilities specified
[  1284.429] (II) modeset(0): Supported color encodings: RGB 4:4:4 
[  1284.429] (II) modeset(0): First detailed timing is preferred mode
[  1284.429] (II) modeset(0): Preferred mode is native pixel format and refresh rate
[  1284.429] (II) modeset(0): redX: 0.680 redY: 0.320   greenX: 0.265 greenY: 0.690
[  1284.429] (II) modeset(0): blueX: 0.151 blueY: 0.052   whiteX: 0.312 whiteY: 0.329
[  1284.429] (II) modeset(0): Manufacturer's mask: 0
[  1284.429] (II) modeset(0): Supported detailed timing:
[  1284.429] (II) modeset(0): clock: 260.7 MHz   Image Size:  286 x 179 mm
[  1284.429] (II) modeset(0): h_active: 2560  h_sync: 2568  h_sync_end 2600 h_blank_end 2640 h_border: 0
[  1284.429] (II) modeset(0): v_active: 1600  v_sync: 1632  v_sync_end 1640 v_blanking: 1646 v_border: 0
[  1284.429] (II) modeset(0): Supported detailed timing:
[  1284.429] (II) modeset(0): clock: 328.9 MHz   Image Size:  286 x 179 mm
[  1284.429] (II) modeset(0): h_active: 2880  h_sync: 2888  h_sync_end 2920 h_blank_end 2960 h_border: 0
[  1284.430] (II) modeset(0): v_active: 1800  v_sync: 1838  v_sync_end 1846 v_blanking: 1852 v_border: 0
[  1284.430] (II) modeset(0): Monitor name: Color LCD
[  1284.430] (II) modeset(0): EDID (in hex):
[  1284.430] (II) modeset(0): 	00ffffffffffff00061034a000000000
[  1284.430] (II) modeset(0): 	25190104b51d1278020fd1ae5243b026
[  1284.430] (II) modeset(0): 	0d505400000001010101010101010101
[  1284.430] (II) modeset(0): 	010101010101d9650050a0402e600820
[  1284.430] (II) modeset(0): 	08081eb31000001a7c804050b0083470
[  1284.430] (II) modeset(0): 	082068081eb31000001a000000fc0043
[  1284.430] (II) modeset(0): 	6f6c6f72204c43440a20202000000010
[  1284.430] (II) modeset(0): 	000000000000000000000000000000af
[  1284.430] (II) modeset(0): Printing probed modes for output eDP-1
[  1284.430] (II) modeset(0): Modeline "2560x1600"x60.0  260.73  2560 2568 2600 2640  1600 1632 1640 1646 +hsync -vsync (98.8 kHz eP)
[  1284.430] (II) modeset(0): Modeline "2048x1536"x60.0  266.95  2048 2200 2424 2800  1536 1537 1540 1589 -hsync +vsync (95.3 kHz d)
[  1284.430] (II) modeset(0): Modeline "1920x1440"x60.0  234.00  1920 2048 2256 2600  1440 1441 1444 1500 -hsync +vsync (90.0 kHz d)
[  1284.430] (II) modeset(0): Modeline "1856x1392"x60.0  218.30  1856 1952 2176 2528  1392 1393 1396 1439 -hsync +vsync (86.4 kHz d)
[  1284.430] (II) modeset(0): Modeline "1792x1344"x60.0  204.80  1792 1920 2120 2448  1344 1345 1348 1394 -hsync +vsync (83.7 kHz d)
[  1284.430] (II) modeset(0): Modeline "1600x1200"x60.0  162.00  1600 1664 1856 2160  1200 1201 1204 1250 +hsync +vsync (75.0 kHz d)
[  1284.430] (II) modeset(0): Modeline "1400x1050"x60.0  122.00  1400 1488 1640 1880  1050 1052 1064 1082 +hsync +vsync (64.9 kHz d)
[  1284.430] (II) modeset(0): Modeline "1280x1024"x60.0  108.00  1280 1328 1440 1688  1024 1025 1028 1066 +hsync +vsync (64.0 kHz d)
[  1284.430] (II) modeset(0): Modeline "1280x960"x60.0  108.00  1280 1376 1488 1800  960 961 964 1000 +hsync +vsync (60.0 kHz d)
[  1284.430] (II) modeset(0): Modeline "1024x768"x120.1  133.47  1024 1100 1212 1400  768 768 770 794 doublescan -hsync +vsync (95.3 kHz d)
[  1284.430] (II) modeset(0): Modeline "1024x768"x60.0   65.00  1024 1048 1184 1344  768 771 777 806 -hsync -vsync (48.4 kHz d)
[  1284.430] (II) modeset(0): Modeline "960x720"x120.0  117.00  960 1024 1128 1300  720 720 722 750 doublescan -hsync +vsync (90.0 kHz d)
[  1284.430] (II) modeset(0): Modeline "928x696"x120.1  109.15  928 976 1088 1264  696 696 698 719 doublescan -hsync +vsync (86.4 kHz d)
[  1284.430] (II) modeset(0): Modeline "896x672"x120.0  102.40  896 960 1060 1224  672 672 674 697 doublescan -hsync +vsync (83.7 kHz d)
[  1284.430] (II) modeset(0): Modeline "800x600"x120.0   81.00  800 832 928 1080  600 600 602 625 doublescan +hsync +vsync (75.0 kHz d)
[  1284.430] (II) modeset(0): Modeline "800x600"x60.3   40.00  800 840 968 1056  600 601 605 628 +hsync +vsync (37.9 kHz d)
[  1284.430] (II) modeset(0): Modeline "800x600"x56.2   36.00  800 824 896 1024  600 601 603 625 +hsync +vsync (35.2 kHz d)
[  1284.430] (II) modeset(0): Modeline "700x525"x120.0   61.00  700 744 820 940  525 526 532 541 doublescan +hsync +vsync (64.9 kHz d)
[  1284.430] (II) modeset(0): Modeline "640x512"x120.0   54.00  640 664 720 844  512 512 514 533 doublescan +hsync +vsync (64.0 kHz d)
[  1284.430] (II) modeset(0): Modeline "640x480"x120.0   54.00  640 688 744 900  480 480 482 500 doublescan +hsync +vsync (60.0 kHz d)
[  1284.430] (II) modeset(0): Modeline "640x480"x59.9   25.18  640 656 752 800  480 490 492 525 -hsync -vsync (31.5 kHz d)
[  1284.431] (II) modeset(0): Modeline "512x384"x120.0   32.50  512 524 592 672  384 385 388 403 doublescan -hsync -vsync (48.4 kHz d)
[  1284.431] (II) modeset(0): Modeline "400x300"x120.6   20.00  400 420 484 528  300 300 302 314 doublescan +hsync +vsync (37.9 kHz d)
[  1284.431] (II) modeset(0): Modeline "400x300"x112.7   18.00  400 412 448 512  300 300 301 312 doublescan +hsync +vsync (35.2 kHz d)
[  1284.431] (II) modeset(0): Modeline "320x240"x120.1   12.59  320 328 376 400  240 245 246 262 doublescan -hsync -vsync (31.5 kHz d)
[  1284.433] (II) modeset(0): EDID for output DP-1
[  1284.554] (II) modeset(0): EDID for output HDMI-1
[  1284.556] (II) modeset(0): EDID for output DP-2
[  1284.677] (II) modeset(0): EDID for output HDMI-2
[  1284.677] (II) modeset(0): Output eDP-1 connected
[  1284.677] (II) modeset(0): Output DP-1 disconnected
[  1284.677] (II) modeset(0): Output HDMI-1 disconnected
[  1284.677] (II) modeset(0): Output DP-2 disconnected
[  1284.677] (II) modeset(0): Output HDMI-2 disconnected
[  1284.677] (II) modeset(0): Using exact sizes for initial modes
[  1284.677] (II) modeset(0): Output eDP-1 using initial mode 2560x1600 +0+0
[  1284.677] (==) modeset(0): Using gamma correction (1.0, 1.0, 1.0)
[  1284.677] (==) modeset(0): DPI set to (96, 96)
[  1284.677] (II) Loading sub module "fb"
[  1284.677] (II) LoadModule: "fb"
[  1284.677] (II) Loading /usr/lib/xorg/modules/libfb.so
[  1284.679] (II) Module fb: vendor="X.Org Foundation"
[  1284.679] 	compiled for 1.19.3, module version = 1.0.0
[  1284.679] 	ABI class: X.Org ANSI C Emulation, version 0.4
[  1284.679] (==) Depth 24 pixmap format is 32 bpp
[  1284.735] (==) modeset(0): Backing store enabled
[  1284.735] (==) modeset(0): Silken mouse enabled
[  1284.736] (II) modeset(0): RandR 1.2 enabled, ignore the following RandR disabled message.
[  1284.736] (==) modeset(0): DPMS enabled
[  1284.737] (II) modeset(0): [DRI2] Setup complete
[  1284.737] (II) modeset(0): [DRI2]   DRI driver: i965
[  1284.737] (II) modeset(0): [DRI2]   VDPAU driver: i965
[  1284.737] (--) RandR disabled
[  1284.742] (II) AIGLX: enabled GLX_MESA_copy_sub_buffer
[  1284.742] (II) AIGLX: enabled GLX_ARB_create_context
[  1284.742] (II) AIGLX: enabled GLX_ARB_create_context_profile
[  1284.742] (II) AIGLX: enabled GLX_EXT_create_context_es{,2}_profile
[  1284.742] (II) AIGLX: enabled GLX_INTEL_swap_event
[  1284.742] (II) AIGLX: enabled GLX_SGI_swap_control
[  1284.742] (II) AIGLX: enabled GLX_EXT_framebuffer_sRGB
[  1284.742] (II) AIGLX: enabled GLX_ARB_fbconfig_float
[  1284.742] (II) AIGLX: enabled GLX_EXT_fbconfig_packed_float
[  1284.742] (II) AIGLX: GLX_EXT_texture_from_pixmap backed by buffer objects
[  1284.742] (II) AIGLX: enabled GLX_ARB_create_context_robustness
[  1284.742] (II) AIGLX: Loaded and initialized i965
[  1284.742] (II) GLX: Initialized DRI2 GL provider for screen 0
[  1284.743] (II) modeset(0): Damage tracking initialized
[  1284.743] (II) modeset(0): Setting screen physical size to 677 x 423
[  1284.797] (II) config/udev: Adding input device Power Button (/dev/input/event5)
[  1284.797] (**) Power Button: Applying InputClass "libinput keyboard catchall"
[  1284.797] (**) Power Button: Applying InputClass "system-keyboard"
[  1284.797] (II) LoadModule: "libinput"
[  1284.797] (II) Loading /usr/lib/xorg/modules/input/libinput_drv.so
[  1284.798] (II) Module libinput: vendor="X.Org Foundation"
[  1284.798] 	compiled for 1.19.3, module version = 0.25.1
[  1284.798] 	Module class: X.Org XInput Driver
[  1284.798] 	ABI class: X.Org XInput driver, version 24.1
[  1284.798] (II) Using input driver 'libinput' for 'Power Button'
[  1284.799] (II) systemd-logind: got fd for /dev/input/event5 13:69 fd 21 paused 0
[  1284.799] (**) Power Button: always reports core events
[  1284.799] (**) Option "Device" "/dev/input/event5"
[  1284.799] (**) Option "_source" "server/udev"
[  1284.799] (II) event5  - (II) Power Button: (II) is tagged by udev as: Keyboard
[  1284.799] (II) event5  - (II) Power Button: (II) device is a keyboard
[  1284.799] (II) event5  - (II) Power Button: (II) device removed
[  1284.799] (**) Option "config_info" "udev:/sys/devices/LNXSYSTM:00/LNXPWRBN:00/input/input5/event5"
[  1284.799] (II) XINPUT: Adding extended input device "Power Button" (type: KEYBOARD, id 6)
[  1284.799] (**) Option "xkb_layout" "gb"
[  1284.799] (**) Option "xkb_variant" "mac"
[  1284.809] (II) event5  - (II) Power Button: (II) is tagged by udev as: Keyboard
[  1284.809] (II) event5  - (II) Power Button: (II) device is a keyboard
[  1284.809] (II) config/udev: Adding input device Video Bus (/dev/input/event7)
[  1284.809] (**) Video Bus: Applying InputClass "libinput keyboard catchall"
[  1284.809] (**) Video Bus: Applying InputClass "system-keyboard"
[  1284.809] (II) Using input driver 'libinput' for 'Video Bus'
[  1284.810] (II) systemd-logind: got fd for /dev/input/event7 13:71 fd 24 paused 0
[  1284.810] (**) Video Bus: always reports core events
[  1284.810] (**) Option "Device" "/dev/input/event7"
[  1284.810] (**) Option "_source" "server/udev"
[  1284.810] (II) event7  - (II) Video Bus: (II) is tagged by udev as: Keyboard
[  1284.810] (II) event7  - (II) Video Bus: (II) device is a keyboard
[  1284.810] (II) event7  - (II) Video Bus: (II) device removed
[  1284.810] (**) Option "config_info" "udev:/sys/devices/LNXSYSTM:00/LNXSYBUS:00/PNP0A08:00/LNXVIDEO:00/input/input7/event7"
[  1284.810] (II) XINPUT: Adding extended input device "Video Bus" (type: KEYBOARD, id 7)
[  1284.810] (**) Option "xkb_layout" "gb"
[  1284.810] (**) Option "xkb_variant" "mac"
[  1284.810] (II) event7  - (II) Video Bus: (II) is tagged by udev as: Keyboard
[  1284.810] (II) event7  - (II) Video Bus: (II) device is a keyboard
[  1284.810] (II) config/udev: Adding input device Power Button (/dev/input/event3)
[  1284.810] (**) Power Button: Applying InputClass "libinput keyboard catchall"
[  1284.810] (**) Power Button: Applying InputClass "system-keyboard"
[  1284.810] (II) Using input driver 'libinput' for 'Power Button'
[  1284.811] (II) systemd-logind: got fd for /dev/input/event3 13:67 fd 25 paused 0
[  1284.811] (**) Power Button: always reports core events
[  1284.811] (**) Option "Device" "/dev/input/event3"
[  1284.811] (**) Option "_source" "server/udev"
[  1284.811] (II) event3  - (II) Power Button: (II) is tagged by udev as: Keyboard
[  1284.811] (II) event3  - (II) Power Button: (II) device is a keyboard
[  1284.811] (II) event3  - (II) Power Button: (II) device removed
[  1284.811] (**) Option "config_info" "udev:/sys/devices/LNXSYSTM:00/LNXSYBUS:00/PNP0C0C:00/input/input3/event3"
[  1284.811] (II) XINPUT: Adding extended input device "Power Button" (type: KEYBOARD, id 8)
[  1284.811] (**) Option "xkb_layout" "gb"
[  1284.811] (**) Option "xkb_variant" "mac"
[  1284.811] (II) event3  - (II) Power Button: (II) is tagged by udev as: Keyboard
[  1284.811] (II) event3  - (II) Power Button: (II) device is a keyboard
[  1284.811] (II) config/udev: Adding input device Lid Switch (/dev/input/event2)
[  1284.811] (II) No input driver specified, ignoring this device.
[  1284.811] (II) This device may have been added with another device file.
[  1284.811] (II) config/udev: Adding input device Sleep Button (/dev/input/event4)
[  1284.811] (**) Sleep Button: Applying InputClass "libinput keyboard catchall"
[  1284.811] (**) Sleep Button: Applying InputClass "system-keyboard"
[  1284.811] (II) Using input driver 'libinput' for 'Sleep Button'
[  1284.812] (II) systemd-logind: got fd for /dev/input/event4 13:68 fd 26 paused 0
[  1284.812] (**) Sleep Button: always reports core events
[  1284.812] (**) Option "Device" "/dev/input/event4"
[  1284.812] (**) Option "_source" "server/udev"
[  1284.812] (II) event4  - (II) Sleep Button: (II) is tagged by udev as: Keyboard
[  1284.812] (II) event4  - (II) Sleep Button: (II) device is a keyboard
[  1284.812] (II) event4  - (II) Sleep Button: (II) device removed
[  1284.812] (**) Option "config_info" "udev:/sys/devices/LNXSYSTM:00/LNXSYBUS:00/PNP0C0E:00/input/input4/event4"
[  1284.812] (II) XINPUT: Adding extended input device "Sleep Button" (type: KEYBOARD, id 9)
[  1284.812] (**) Option "xkb_layout" "gb"
[  1284.812] (**) Option "xkb_variant" "mac"
[  1284.812] (II) event4  - (II) Sleep Button: (II) is tagged by udev as: Keyboard
[  1284.812] (II) event4  - (II) Sleep Button: (II) device is a keyboard
[  1284.812] (II) config/udev: Adding input device Apple SPI Keyboard (/dev/input/event0)
[  1284.812] (**) Apple SPI Keyboard: Applying InputClass "libinput keyboard catchall"
[  1284.812] (**) Apple SPI Keyboard: Applying InputClass "system-keyboard"
[  1284.812] (II) Using input driver 'libinput' for 'Apple SPI Keyboard'
[  1284.813] (II) systemd-logind: got fd for /dev/input/event0 13:64 fd 27 paused 0
[  1284.813] (**) Apple SPI Keyboard: always reports core events
[  1284.813] (**) Option "Device" "/dev/input/event0"
[  1284.813] (**) Option "_source" "server/udev"
[  1284.813] (II) event0  - (II) Apple SPI Keyboard: (II) is tagged by udev as: Keyboard
[  1284.813] (II) event0  - (II) Apple SPI Keyboard: (II) device is a keyboard
[  1284.813] (II) event0  - (II) Apple SPI Keyboard: (II) device removed
[  1284.813] (**) Option "config_info" "udev:/sys/devices/pci0000:00/0000:00:1e.3/pxa2xx-spi.3/spi_master/spi2/spi-APP000D:00/input/input0/event0"
[  1284.813] (II) XINPUT: Adding extended input device "Apple SPI Keyboard" (type: KEYBOARD, id 10)
[  1284.813] (**) Option "xkb_layout" "gb"
[  1284.813] (**) Option "xkb_variant" "mac"
[  1284.813] (II) event0  - (II) Apple SPI Keyboard: (II) is tagged by udev as: Keyboard
[  1284.813] (II) event0  - (II) Apple SPI Keyboard: (II) device is a keyboard
[  1284.813] (II) config/udev: Adding input device Apple SPI Touchpad (/dev/input/event1)
[  1284.813] (**) Apple SPI Touchpad: Applying InputClass "libinput touchpad catchall"
[  1284.813] (II) Using input driver 'libinput' for 'Apple SPI Touchpad'
[  1284.813] (II) systemd-logind: got fd for /dev/input/event1 13:65 fd 28 paused 0
[  1284.813] (**) Apple SPI Touchpad: always reports core events
[  1284.813] (**) Option "Device" "/dev/input/event1"
[  1284.813] (**) Option "_source" "server/udev"
[  1284.814] (II) event1  - (II) Apple SPI Touchpad: (II) is tagged by udev as: Touchpad
[  1284.814] (II) event1  - (II) Apple SPI Touchpad: (II) no resolution or size hints, assuming a size of 69x50mm
[  1284.814] (II) event1  - (II) Apple SPI Touchpad: (II) device is a touchpad
[  1284.814] (II) event1  - (II) Apple SPI Touchpad: (II) device removed
[  1284.814] (**) Option "config_info" "udev:/sys/devices/pci0000:00/0000:00:1e.3/pxa2xx-spi.3/spi_master/spi2/spi-APP000D:00/input/input1/event1"
[  1284.814] (II) XINPUT: Adding extended input device "Apple SPI Touchpad" (type: TOUCHPAD, id 11)
[  1284.814] (**) Option "AccelerationScheme" "none"
[  1284.814] (**) Apple SPI Touchpad: (accel) selected scheme none/0
[  1284.814] (**) Apple SPI Touchpad: (accel) acceleration factor: 2.000
[  1284.814] (**) Apple SPI Touchpad: (accel) acceleration threshold: 4
[  1284.814] (II) event1  - (II) Apple SPI Touchpad: (II) is tagged by udev as: Touchpad
[  1284.814] (II) event1  - (II) Apple SPI Touchpad: (II) no resolution or size hints, assuming a size of 69x50mm
[  1284.814] (II) event1  - (II) Apple SPI Touchpad: (II) device is a touchpad
[  1284.814] (II) config/udev: Adding input device Apple SPI Touchpad (/dev/input/mouse0)
[  1284.814] (II) No input driver specified, ignoring this device.
[  1284.814] (II) This device may have been added with another device file.
[  1284.814] (II) config/udev: Adding input device HDA Intel PCH HDMI/DP,pcm=8 (/dev/input/event10)
[  1284.814] (II) No input driver specified, ignoring this device.
[  1284.814] (II) This device may have been added with another device file.
[  1284.815] (II) config/udev: Adding input device HDA Intel PCH HDMI/DP,pcm=9 (/dev/input/event11)
[  1284.815] (II) No input driver specified, ignoring this device.
[  1284.815] (II) This device may have been added with another device file.
[  1284.815] (II) config/udev: Adding input device HDA Intel PCH HDMI/DP,pcm=10 (/dev/input/event12)
[  1284.815] (II) No input driver specified, ignoring this device.
[  1284.815] (II) This device may have been added with another device file.
[  1284.815] (II) config/udev: Adding input device HDA Intel PCH HDMI/DP,pcm=3 (/dev/input/event8)
[  1284.815] (II) No input driver specified, ignoring this device.
[  1284.815] (II) This device may have been added with another device file.
[  1284.815] (II) config/udev: Adding input device HDA Intel PCH HDMI/DP,pcm=7 (/dev/input/event9)
[  1284.815] (II) No input driver specified, ignoring this device.
[  1284.815] (II) This device may have been added with another device file.
[  1284.815] (II) config/udev: Adding input device PC Speaker (/dev/input/event6)
[  1284.815] (II) No input driver specified, ignoring this device.
[  1284.815] (II) This device may have been added with another device file.
[  1284.975] (II) modeset(0): EDID vendor "APP", prod id 41012
[  1284.975] (II) modeset(0): Printing DDC gathered Modelines:
[  1284.975] (II) modeset(0): Modeline "2560x1600"x0.0  260.73  2560 2568 2600 2640  1600 1632 1640 1646 +hsync -vsync (98.8 kHz eP)
[  1284.975] (II) modeset(0): Modeline "2880x1800"x0.0  328.92  2880 2888 2920 2960  1800 1838 1846 1852 +hsync -vsync (111.1 kHz e)
[  1286.601] (II) modeset(0): EDID vendor "APP", prod id 41012
[  1286.601] (II) modeset(0): Printing DDC gathered Modelines:
[  1286.601] (II) modeset(0): Modeline "2560x1600"x0.0  260.73  2560 2568 2600 2640  1600 1632 1640 1646 +hsync -vsync (98.8 kHz eP)
[  1286.601] (II) modeset(0): Modeline "2880x1800"x0.0  328.92  2880 2888 2920 2960  1800 1838 1846 1852 +hsync -vsync (111.1 kHz e)
[  1318.078] (II) Axis 0x35 value -6166 is outside expected range [-5336, 5853]
See https://wayland.freedesktop.org/libinput/doc/1.7.3//absolute_coordinate_ranges.html for details
